#
# There is insufficient memory for the Java Runtime Environment to continue.
# Native memory allocation (malloc) failed to allocate 316976 bytes for Chunk::new
# Possible reasons:
#   The system is out of physical RAM or swap space
#   The process is running with CompressedOops enabled, and the Java Heap may be blocking the growth of the native heap
# Possible solutions:
#   Reduce memory load on the system
#   Increase physical memory or swap space
#   Check if swap backing store is full
#   Decrease Java heap size (-Xmx/-Xms)
#   Decrease number of Java threads
#   Decrease Java thread stack sizes (-Xss)
#   Set larger code cache with -XX:ReservedCodeCacheSize=
#   JVM is running with Zero Based Compressed Oops mode in which the Java heap is
#     placed in the first 32GB address space. The Java Heap base address is the
#     maximum limit for the native heap growth. Please use -XX:HeapBaseMinAddress
#     to set the Java Heap base and to place the Java Heap above 32GB virtual address.
# This output file may be truncated or incomplete.
#
#  Out of Memory Error (allocation.cpp:389), pid=2988, tid=0x00000000000014e4
#
# JRE version: Java(TM) SE Runtime Environment (8.0_221-b11) (build 1.8.0_221-b11)
# Java VM: Java HotSpot(TM) 64-Bit Server VM (25.221-b11 mixed mode windows-amd64 compressed oops)
# Failed to write core dump. Minidumps are not enabled by default on client versions of Windows
#

---------------  T H R E A D  ---------------

Current thread (0x000000001c4a9000):  JavaThread "C2 CompilerThread0" daemon [_thread_in_native, id=5348, stack(0x000000001db30000,0x000000001dc30000)]

Stack: [0x000000001db30000,0x000000001dc30000]
[error occurred during error reporting (printing stack bounds), id 0xc0000005]

Native frames: (J=compiled Java code, j=interpreted, Vv=VM code, C=native code)


Current CompileTask:
C2:   2482 1133   !   4       java.lang.ClassLoader::loadClass (122 bytes)


---------------  P R O C E S S  ---------------

Java Threads: ( => current thread )
  0x000000001dd41800 JavaThread "Service Thread" daemon [_thread_blocked, id=15296, stack(0x000000001e230000,0x000000001e330000)]
  0x000000001c4fd000 JavaThread "C1 CompilerThread2" daemon [_thread_blocked, id=17920, stack(0x000000001e130000,0x000000001e230000)]
  0x000000001c4f2000 JavaThread "C2 CompilerThread1" daemon [_thread_blocked, id=7116, stack(0x000000001dc30000,0x000000001dd30000)]
=>0x000000001c4a9000 JavaThread "C2 CompilerThread0" daemon [_thread_in_native, id=5348, stack(0x000000001db30000,0x000000001dc30000)]
  0x000000001c4a7800 JavaThread "Attach Listener" daemon [_thread_blocked, id=17096, stack(0x000000001da30000,0x000000001db30000)]
  0x000000001c4a6000 JavaThread "Signal Dispatcher" daemon [_thread_blocked, id=5828, stack(0x000000001d930000,0x000000001da30000)]
  0x0000000002f0a800 JavaThread "Finalizer" daemon [_thread_blocked, id=4540, stack(0x000000001d700000,0x000000001d800000)]
  0x0000000002f02000 JavaThread "Reference Handler" daemon [_thread_blocked, id=7800, stack(0x000000001d600000,0x000000001d700000)]
  0x0000000002dfe800 JavaThread "main" [_thread_in_Java, id=15364, stack(0x0000000002c90000,0x0000000002d90000)]

Other Threads:
  0x000000001c467800 VMThread [stack: 0x000000001d500000,0x000000001d600000] [id=2496]
  0x000000001dd43000 WatcherThread [stack: 0x000000001e330000,0x000000001e430000] [id=4728]

VM state:not at safepoint (normal execution)

VM Mutex/Monitor currently owned by a thread: None

heap address: 0x00000006c2a00000, size: 4054 MB, Compressed Oops mode: Zero based, Oop shift amount: 3
Narrow klass base: 0x0000000000000000, Narrow klass shift: 3
Compressed class space size: 1073741824 Address: 0x00000007c0000000

Heap:
 PSYoungGen      total 75776K, used 20203K [0x000000076b900000, 0x0000000770d80000, 0x00000007c0000000)
  eden space 65024K, 16% used [0x000000076b900000,0x000000076c3af0d0,0x000000076f880000)
  from space 10752K, 86% used [0x000000076f880000,0x000000077018bf18,0x0000000770300000)
  to   space 10752K, 0% used [0x0000000770300000,0x0000000770300000,0x0000000770d80000)
 ParOldGen       total 173568K, used 16K [0x00000006c2a00000, 0x00000006cd380000, 0x000000076b900000)
  object space 173568K, 0% used [0x00000006c2a00000,0x00000006c2a04000,0x00000006cd380000)
 Metaspace       used 12528K, capacity 12804K, committed 12928K, reserved 1060864K
  class space    used 1553K, capacity 1643K, committed 1664K, reserved 1048576K

Card table byte_map: [0x00000000122d0000,0x0000000012ac0000] byte_map_base: 0x000000000ecbb000

Marking Bits: (ParMarkBitMap*) 0x000000005d2b5ce0
 Begin Bits: [0x0000000013410000, 0x0000000017368000)
 End Bits:   [0x0000000017368000, 0x000000001b2c0000)

Polling page: 0x0000000002d90000

CodeCache: size=245760Kb used=4499Kb max_used=4499Kb free=241260Kb
 bounds [0x0000000002f10000, 0x0000000003380000, 0x0000000011f10000]
 total_blobs=1488 nmethods=1143 adapters=257
 compilation: enabled

Compilation events (10 events):
Event: 2.471 Thread 0x000000001c4fd000 nmethod 1136 0x0000000003375e90 code [0x0000000003376000, 0x0000000003376210]
Event: 2.479 Thread 0x000000001c4fd000 1137       3       com.google.inject.internal.AbstractProcessor::visitOther (6 bytes)
Event: 2.479 Thread 0x000000001c4fd000 nmethod 1137 0x0000000003375990 code [0x0000000003375b00, 0x0000000003375d90]
Event: 2.479 Thread 0x000000001c4fd000 1138       3       com.google.inject.internal.AbstractProcessor::visitOther (5 bytes)
Event: 2.479 Thread 0x000000001c4fd000 nmethod 1138 0x0000000003375590 code [0x0000000003375700, 0x00000000033758d0]
Event: 2.479 Thread 0x000000001c4fd000 1139       3       com.google.inject.spi.DefaultElementVisitor::visit (6 bytes)
Event: 2.479 Thread 0x000000001c4fd000 nmethod 1139 0x0000000003375190 code [0x0000000003375300, 0x0000000003375508]
Event: 2.479 Thread 0x000000001c4f2000 1140       4       java.util.ArrayList$Itr::hasNext (20 bytes)
Event: 2.479 Thread 0x000000001c4f2000 nmethod 1140 0x000000000336dd90 code [0x000000000336dec0, 0x000000000336df58]
Event: 2.481 Thread 0x000000001c4fd000 1141       1       java.lang.Class$MethodArray::length (5 bytes)

GC Heap History (2 events):
Event: 2.369 GC heap before
{Heap before GC invocations=1 (full 0):
 PSYoungGen      total 75776K, used 65024K [0x000000076b900000, 0x0000000770d80000, 0x00000007c0000000)
  eden space 65024K, 100% used [0x000000076b900000,0x000000076f880000,0x000000076f880000)
  from space 10752K, 0% used [0x0000000770300000,0x0000000770300000,0x0000000770d80000)
  to   space 10752K, 0% used [0x000000076f880000,0x000000076f880000,0x0000000770300000)
 ParOldGen       total 173568K, used 0K [0x00000006c2a00000, 0x00000006cd380000, 0x000000076b900000)
  object space 173568K, 0% used [0x00000006c2a00000,0x00000006c2a00000,0x00000006cd380000)
 Metaspace       used 11447K, capacity 11668K, committed 11776K, reserved 1060864K
  class space    used 1405K, capacity 1481K, committed 1536K, reserved 1048576K
Event: 2.376 GC heap after
Heap after GC invocations=1 (full 0):
 PSYoungGen      total 75776K, used 9263K [0x000000076b900000, 0x0000000770d80000, 0x00000007c0000000)
  eden space 65024K, 0% used [0x000000076b900000,0x000000076b900000,0x000000076f880000)
  from space 10752K, 86% used [0x000000076f880000,0x000000077018bf18,0x0000000770300000)
  to   space 10752K, 0% used [0x0000000770300000,0x0000000770300000,0x0000000770d80000)
 ParOldGen       total 173568K, used 16K [0x00000006c2a00000, 0x00000006cd380000, 0x000000076b900000)
  object space 173568K, 0% used [0x00000006c2a00000,0x00000006c2a04000,0x00000006cd380000)
 Metaspace       used 11447K, capacity 11668K, committed 11776K, reserved 1060864K
  class space    used 1405K, capacity 1481K, committed 1536K, reserved 1048576K
}

Deoptimization events (10 events):
Event: 1.280 Thread 0x0000000002dfe800 Uncommon trap: reason=unstable_if action=reinterpret pc=0x00000000031047a8 method=org.codehaus.plexus.util.xml.pull.MXParser.more()C @ 8
Event: 1.814 Thread 0x0000000002dfe800 Uncommon trap: reason=unstable_if action=reinterpret pc=0x00000000031e8784 method=java.nio.charset.CoderResult.isOverflow()Z @ 5
Event: 1.835 Thread 0x0000000002dfe800 Uncommon trap: reason=unstable_if action=reinterpret pc=0x00000000031f4674 method=sun.nio.cs.StreamDecoder.implRead([CII)I @ 197
Event: 1.894 Thread 0x0000000002dfe800 Uncommon trap: reason=unstable_if action=reinterpret pc=0x0000000003201e70 method=sun.nio.cs.StreamDecoder.implRead([CII)I @ 197
Event: 1.896 Thread 0x0000000002dfe800 Uncommon trap: reason=unstable_if action=reinterpret pc=0x00000000031fbc74 method=org.codehaus.plexus.util.xml.pull.MXParser.nextImpl()I @ 241
Event: 1.897 Thread 0x0000000002dfe800 Uncommon trap: reason=unstable_if action=reinterpret pc=0x000000000320bc9c method=sun.nio.cs.StreamDecoder.implRead([CII)I @ 197
Event: 2.004 Thread 0x0000000002dfe800 Uncommon trap: reason=unstable_if action=reinterpret pc=0x000000000319fd64 method=java.util.HashMap.getNode(ILjava/lang/Object;)Ljava/util/HashMap$Node; @ 129
Event: 2.004 Thread 0x0000000002dfe800 Uncommon trap: reason=unstable_if action=reinterpret pc=0x0000000003195704 method=java.util.HashMap.getNode(ILjava/lang/Object;)Ljava/util/HashMap$Node; @ 129
Event: 2.010 Thread 0x0000000002dfe800 Uncommon trap: reason=range_check action=make_not_entrant pc=0x0000000003283c68 method=sun.reflect.generics.parser.SignatureParser.current()C @ 34
Event: 2.155 Thread 0x0000000002dfe800 Uncommon trap: reason=class_check action=maybe_recompile pc=0x0000000003299b28 method=java.util.HashMap.putVal(ILjava/lang/Object;Ljava/lang/Object;ZZ)Ljava/lang/Object; @ 203

Classes redefined (0 events):
No events

Internal exceptions (10 events):
Event: 0.493 Thread 0x0000000002dfe800 Exception <a 'java/security/PrivilegedActionException'> (0x000000076bd38250) thrown at [C:\re\workspace\8-2-build-windows-amd64-cygwin\jdk8u221\13320\hotspot\src\share\vm\prims\jvm.cpp, line 1502]
Event: 0.494 Thread 0x0000000002dfe800 Exception <a 'java/security/PrivilegedActionException'> (0x000000076bd3c348) thrown at [C:\re\workspace\8-2-build-windows-amd64-cygwin\jdk8u221\13320\hotspot\src\share\vm\prims\jvm.cpp, line 1502]
Event: 0.494 Thread 0x0000000002dfe800 Exception <a 'java/security/PrivilegedActionException'> (0x000000076bd3c740) thrown at [C:\re\workspace\8-2-build-windows-amd64-cygwin\jdk8u221\13320\hotspot\src\share\vm\prims\jvm.cpp, line 1502]
Event: 1.752 Thread 0x0000000002dfe800 Exception <a 'java/lang/ArrayIndexOutOfBoundsException'> (0x000000076cf6a7a0) thrown at [C:\re\workspace\8-2-build-windows-amd64-cygwin\jdk8u221\13320\hotspot\src\share\vm\runtime\sharedRuntime.cpp, line 605]
Event: 1.757 Thread 0x0000000002dfe800 Exception <a 'java/lang/ArrayIndexOutOfBoundsException'> (0x000000076cf89bd8) thrown at [C:\re\workspace\8-2-build-windows-amd64-cygwin\jdk8u221\13320\hotspot\src\share\vm\runtime\sharedRuntime.cpp, line 605]
Event: 1.763 Thread 0x0000000002dfe800 Exception <a 'java/lang/ArrayIndexOutOfBoundsException'> (0x000000076cfd0508) thrown at [C:\re\workspace\8-2-build-windows-amd64-cygwin\jdk8u221\13320\hotspot\src\share\vm\runtime\sharedRuntime.cpp, line 605]
Event: 1.932 Thread 0x0000000002dfe800 Exception <a 'java/lang/ArrayIndexOutOfBoundsException'> (0x000000076dc0ad80) thrown at [C:\re\workspace\8-2-build-windows-amd64-cygwin\jdk8u221\13320\hotspot\src\share\vm\runtime\sharedRuntime.cpp, line 605]
Event: 1.933 Thread 0x0000000002dfe800 Exception <a 'java/lang/ArrayIndexOutOfBoundsException'> (0x000000076dc0c910) thrown at [C:\re\workspace\8-2-build-windows-amd64-cygwin\jdk8u221\13320\hotspot\src\share\vm\runtime\sharedRuntime.cpp, line 605]
Event: 2.000 Thread 0x0000000002dfe800 Exception <a 'java/lang/ArrayIndexOutOfBoundsException'> (0x000000076ded9d90) thrown at [C:\re\workspace\8-2-build-windows-amd64-cygwin\jdk8u221\13320\hotspot\src\share\vm\runtime\sharedRuntime.cpp, line 605]
Event: 2.011 Thread 0x0000000002dfe800 Exception <a 'java/lang/ArrayIndexOutOfBoundsException': 66> (0x000000076dfa5d38) thrown at [C:\re\workspace\8-2-build-windows-amd64-cygwin\jdk8u221\13320\hotspot\src\share\vm\interpreter\interpreterRuntime.cpp, line 368]

Events (10 events):
Event: 2.480 loading class com/google/inject/spi/TypeEncounter
Event: 2.480 loading class com/google/inject/spi/TypeEncounter done
Event: 2.480 loading class com/google/inject/internal/SingleMemberInjector
Event: 2.480 loading class com/google/inject/internal/SingleMemberInjector done
Event: 2.480 loading class com/google/inject/internal/ProvisionListenerCallbackStore
Event: 2.480 loading class com/google/inject/internal/ProvisionListenerCallbackStore done
Event: 2.480 loading class com/google/inject/internal/ProvisionListenerCallbackStore$1
Event: 2.480 loading class com/google/inject/internal/ProvisionListenerCallbackStore$1 done
Event: 2.481 loading class com/google/inject/internal/ScopeBindingProcessor
Event: 2.481 loading class com/google/inject/internal/ScopeBindingProcessor done


Dynamic libraries:
0x00007ff6a2b40000 - 0x00007ff6a2b77000 	C:\Program Files\Java\jdk1.8.0_221\bin\java.exe
0x00007ffa1a7a0000 - 0x00007ffa1a990000 	C:\WINDOWS\SYSTEM32\ntdll.dll
0x00007ffa18850000 - 0x00007ffa18902000 	C:\WINDOWS\System32\KERNEL32.DLL
0x00007ffa18230000 - 0x00007ffa184d3000 	C:\WINDOWS\System32\KERNELBASE.dll
0x00007ffa18ce0000 - 0x00007ffa18d83000 	C:\WINDOWS\System32\ADVAPI32.dll
0x00007ffa19af0000 - 0x00007ffa19b8e000 	C:\WINDOWS\System32\msvcrt.dll
0x00007ffa18c40000 - 0x00007ffa18cd7000 	C:\WINDOWS\System32\sechost.dll
0x00007ffa19c40000 - 0x00007ffa19d60000 	C:\WINDOWS\System32\RPCRT4.dll
0x00007ffa19790000 - 0x00007ffa19924000 	C:\WINDOWS\System32\USER32.dll
0x00007ffa18030000 - 0x00007ffa18051000 	C:\WINDOWS\System32\win32u.dll
0x00007ffa18da0000 - 0x00007ffa18dc6000 	C:\WINDOWS\System32\GDI32.dll
0x00007ffa186b0000 - 0x00007ffa18844000 	C:\WINDOWS\System32\gdi32full.dll
0x00007ffa18560000 - 0x00007ffa185fe000 	C:\WINDOWS\System32\msvcp_win.dll
0x00007ffa18080000 - 0x00007ffa1817a000 	C:\WINDOWS\System32\ucrtbase.dll
0x00007ffa0b800000 - 0x00007ffa0ba85000 	C:\WINDOWS\WinSxS\amd64_microsoft.windows.common-controls_6595b64144ccf1df_6.0.18362.418_none_e6c6b287130d565d\COMCTL32.dll
0x00007ffa18f60000 - 0x00007ffa19296000 	C:\WINDOWS\System32\combase.dll
0x00007ffa184e0000 - 0x00007ffa18560000 	C:\WINDOWS\System32\bcryptPrimitives.dll
0x00007ffa18e00000 - 0x00007ffa18e2e000 	C:\WINDOWS\System32\IMM32.DLL
0x000000005d340000 - 0x000000005d412000 	C:\Program Files\Java\jdk1.8.0_221\jre\bin\msvcr100.dll
0x000000005ca90000 - 0x000000005d335000 	C:\Program Files\Java\jdk1.8.0_221\jre\bin\server\jvm.dll
0x00007ffa19930000 - 0x00007ffa19938000 	C:\WINDOWS\System32\PSAPI.DLL
0x00007ff9fb6f0000 - 0x00007ff9fb6f9000 	C:\WINDOWS\SYSTEM32\WSOCK32.dll
0x00007ffa19940000 - 0x00007ffa199af000 	C:\WINDOWS\System32\WS2_32.dll
0x00007ffa157f0000 - 0x00007ffa15814000 	C:\WINDOWS\SYSTEM32\WINMM.dll
0x00007ffa13060000 - 0x00007ffa1306a000 	C:\WINDOWS\SYSTEM32\VERSION.dll
0x00007ffa15690000 - 0x00007ffa156bd000 	C:\WINDOWS\SYSTEM32\winmmbase.dll
0x00007ffa181e0000 - 0x00007ffa1822a000 	C:\WINDOWS\System32\cfgmgr32.dll
0x00007ff9fa520000 - 0x00007ff9fa52f000 	C:\Program Files\Java\jdk1.8.0_221\jre\bin\verify.dll
0x00007ff9ed330000 - 0x00007ff9ed359000 	C:\Program Files\Java\jdk1.8.0_221\jre\bin\java.dll
0x00007ff9f2a00000 - 0x00007ff9f2a16000 	C:\Program Files\Java\jdk1.8.0_221\jre\bin\zip.dll
0x00007ffa19f30000 - 0x00007ffa1a615000 	C:\WINDOWS\System32\SHELL32.dll
0x00007ffa18910000 - 0x00007ffa189b9000 	C:\WINDOWS\System32\shcore.dll
0x00007ffa178b0000 - 0x00007ffa1802f000 	C:\WINDOWS\System32\windows.storage.dll
0x00007ffa176a0000 - 0x00007ffa176bf000 	C:\WINDOWS\System32\profapi.dll
0x00007ffa176e0000 - 0x00007ffa1772a000 	C:\WINDOWS\System32\powrprof.dll
0x00007ffa17670000 - 0x00007ffa17680000 	C:\WINDOWS\System32\UMPDC.dll
0x00007ffa1a680000 - 0x00007ffa1a6d2000 	C:\WINDOWS\System32\shlwapi.dll
0x00007ffa176c0000 - 0x00007ffa176d1000 	C:\WINDOWS\System32\kernel.appcore.dll
0x00007ffa18060000 - 0x00007ffa18077000 	C:\WINDOWS\System32\cryptsp.dll
0x00007ffa169f0000 - 0x00007ffa16a23000 	C:\WINDOWS\system32\rsaenh.dll
0x00007ffa17730000 - 0x00007ffa17756000 	C:\WINDOWS\System32\bcrypt.dll
0x00007ffa17590000 - 0x00007ffa175b5000 	C:\WINDOWS\SYSTEM32\USERENV.dll
0x00007ffa170b0000 - 0x00007ffa170bc000 	C:\WINDOWS\SYSTEM32\CRYPTBASE.dll
0x00007ff9f28e0000 - 0x00007ff9f28fa000 	C:\Program Files\Java\jdk1.8.0_221\jre\bin\net.dll
0x00007ffa0d2d0000 - 0x00007ffa0d4a6000 	C:\WINDOWS\SYSTEM32\urlmon.dll
0x00007ffa0cfb0000 - 0x00007ffa0d256000 	C:\WINDOWS\SYSTEM32\iertutil.dll
0x00007ffa16ee0000 - 0x00007ffa16f47000 	C:\WINDOWS\system32\mswsock.dll
0x00007ffa16bf0000 - 0x00007ffa16c2a000 	C:\WINDOWS\SYSTEM32\IPHLPAPI.DLL
0x00007ffa18d90000 - 0x00007ffa18d98000 	C:\WINDOWS\System32\NSI.dll
0x00007ffa127b0000 - 0x00007ffa127c6000 	C:\WINDOWS\SYSTEM32\dhcpcsvc6.DLL
0x00007ffa12790000 - 0x00007ffa127ac000 	C:\WINDOWS\SYSTEM32\dhcpcsvc.DLL
0x00007ffa16c30000 - 0x00007ffa16cfa000 	C:\WINDOWS\SYSTEM32\DNSAPI.dll
0x00007ff9ed140000 - 0x00007ff9ed152000 	C:\Program Files\Java\jdk1.8.0_221\jre\bin\nio.dll
0x00007ff9f7e40000 - 0x00007ff9f7e4a000 	C:\Users\altat\AppData\Local\Temp\jansi-1.17.1-8966302300409797890.dll
0x00007ff9f79f0000 - 0x00007ff9f79fa000 	C:\Users\altat\AppData\Local\Temp\jansi-1.17.1-9198676375456794578.dll

VM Arguments:
jvm_args: -Dmaven.multiModuleProjectDirectory=C:\Users\altat\Pictures\ShootCraftFFA -Dmaven.home=C:\Users\altat\AppData\Local\JetBrains\Toolbox\apps\IDEA-U\ch-0\192.6603.28\plugins\maven\lib\maven3 -Dclassworlds.conf=C:\Users\altat\AppData\Local\JetBrains\Toolbox\apps\IDEA-U\ch-0\192.6603.28\plugins\maven\lib\maven3\bin\m2.conf -Dmaven.ext.class.path=C:\Users\altat\AppData\Local\JetBrains\Toolbox\apps\IDEA-U\ch-0\192.6603.28\plugins\maven\lib\maven-event-listener.jar -Dfile.encoding=UTF-8 
java_command: org.codehaus.classworlds.Launcher -Didea.version2019.2.2 clean install
java_class_path (initial): C:\Users\altat\AppData\Local\JetBrains\Toolbox\apps\IDEA-U\ch-0\192.6603.28\plugins\maven\lib\maven3\boot\plexus-classworlds-2.6.0.jar
Launcher Type: SUN_STANDARD

Environment Variables:
CLASSPATH=.;C:\Program Files (x86)\QuickTime\QTSystem\QTJava.zip
PATH=C:\Program Files (x86)\Common Files\Intel\Shared Libraries\redist\intel64_win\compiler;C:\Program Files (x86)\Common Files\Oracle\Java\javapath;C:\WINDOWS\system32;C:\WINDOWS;C:\WINDOWS\System32\Wbem;C:\WINDOWS\System32\WindowsPowerShell\v1.0\;C:\WINDOWS\System32\OpenSSH\;C:\Program Files\PuTTY\;C:\Program Files\Git\cmd;C:\Program Files\WorldPainter;C:\Program Files (x86)\QuickTime\QTSystem\;C:\Users\altat\AppData\Local\Programs\Python\Python37\Scripts\;C:\Users\altat\AppData\Local\Programs\Python\Python37\;C:\Users\altat\AppData\Local\Microsoft\WindowsApps;
USERNAME=Alexandre Taillet
OS=Windows_NT
PROCESSOR_IDENTIFIER=Intel64 Family 6 Model 158 Stepping 9, GenuineIntel



---------------  S Y S T E M  ---------------

OS: Windows 10.0 , 64 bit Build 18362 (10.0.18362.329)

CPU:total 4 (initial active 4) (4 cores per cpu, 1 threads per core) family 6 model 158 stepping 9, cmov, cx8, fxsr, mmx, sse, sse2, sse3, ssse3, sse4.1, sse4.2, popcnt, avx, avx2, aes, clmul, erms, 3dnowpref, lzcnt, tsc, tscinvbit, bmi1, bmi2, adx

Memory: 4k page, physical 16599720k(850552k free), swap 31061788k(536k free)

vm_info: Java HotSpot(TM) 64-Bit Server VM (25.221-b11) for windows-amd64 JRE (1.8.0_221-b11), built on Jul  4 2019 04:39:29 by "java_re" with MS VC++ 10.0 (VS2010)

time: Thu Nov 07 17:26:45 2019
timezone: Paris, Madrid
elapsed time: 2 seconds (0d 0h 0m 2s)

